Using pre-set license
Built from '2021.2/staging' branch; Version is '2021.2.14f1 (bcb93e5482d2) revision 12368190'; Using compiler version '192829333'; Build Type 'Release'
OS: 'Windows 10  (10.0.19044) 64bit Enterprise' Language: 'en' Physical Memory: 16348 MB
BatchMode: 1, IsHumanControllingUs: 0, StartBugReporterOnCrash: 0, Is64bit: 1, IsPro: 1

COMMAND LINE ARGUMENTS:
C:\Program Files\Unity\Hub\Editor\2021.2.14f1\Editor\Unity.exe
-adb2
-batchMode
-noUpm
-name
AssetImportWorker0
-projectPath
C:/Users/windo/Documents/Unity Projects/Heidi-s-Horror-Hus
-logFile
Logs/AssetImportWorker0.log
-srvPort
61422
Successfully changed project path to: C:/Users/windo/Documents/Unity Projects/Heidi-s-Horror-Hus
C:/Users/windo/Documents/Unity Projects/Heidi-s-Horror-Hus
[UnityMemory] Configuration Parameters - Can be set up in boot.config
    "memorysetup-bucket-allocator-granularity=16"
    "memorysetup-bucket-allocator-bucket-count=8"
    "memorysetup-bucket-allocator-block-size=33554432"
    "memorysetup-bucket-allocator-block-count=8"
    "memorysetup-main-allocator-block-size=16777216"
    "memorysetup-thread-allocator-block-size=16777216"
    "memorysetup-gfx-main-allocator-block-size=16777216"
    "memorysetup-gfx-thread-allocator-block-size=16777216"
    "memorysetup-cache-allocator-block-size=4194304"
    "memorysetup-typetree-allocator-block-size=2097152"
    "memorysetup-profiler-bucket-allocator-granularity=16"
    "memorysetup-profiler-bucket-allocator-bucket-count=8"
    "memorysetup-profiler-bucket-allocator-block-size=33554432"
    "memorysetup-profiler-bucket-allocator-block-count=8"
    "memorysetup-profiler-allocator-block-size=16777216"
    "memorysetup-profiler-editor-allocator-block-size=1048576"
    "memorysetup-temp-allocator-size-main=16777216"
    "memorysetup-job-temp-allocator-block-size=2097152"
    "memorysetup-job-temp-allocator-block-size-background=1048576"
    "memorysetup-job-temp-allocator-reduction-small-platforms=262144"
    "memorysetup-temp-allocator-size-background-worker=32768"
    "memorysetup-temp-allocator-size-job-worker=262144"
    "memorysetup-temp-allocator-size-preload-manager=33554432"
    "memorysetup-temp-allocator-size-nav-mesh-worker=65536"
    "memorysetup-temp-allocator-size-audio-worker=65536"
    "memorysetup-temp-allocator-size-cloud-worker=32768"
    "memorysetup-temp-allocator-size-gi-baking-worker=262144"
    "memorysetup-temp-allocator-size-gfx=262144"
Refreshing native plugins compatible for Editor in 84.04 ms, found 3 plugins.
Preloading 0 native plugins for Editor in 0.00 ms.
Initialize engine version: 2021.2.14f1 (bcb93e5482d2)
[Subsystems] Discovering subsystems at path C:/Program Files/Unity/Hub/Editor/2021.2.14f1/Editor/Data/Resources/UnitySubsystems
[Subsystems] Discovering subsystems at path C:/Users/windo/Documents/Unity Projects/Heidi-s-Horror-Hus/Assets
GfxDevice: creating device client; threaded=0; jobified=0
Direct3D:
    Version:  Direct3D 11.0 [level 11.1]
    Renderer: NVIDIA GeForce GTX 1060 6GB (ID=0x1c03)
    Vendor:   NVIDIA
    VRAM:     6052 MB
    Driver:   30.0.14.9729
Initialize mono
Mono path[0] = 'C:/Program Files/Unity/Hub/Editor/2021.2.14f1/Editor/Data/Managed'
Mono path[1] = 'C:/Program Files/Unity/Hub/Editor/2021.2.14f1/Editor/Data/MonoBleedingEdge/lib/mono/unityjit-win32'
Mono config path = 'C:/Program Files/Unity/Hub/Editor/2021.2.14f1/Editor/Data/MonoBleedingEdge/etc'
Using monoOptions --debugger-agent=transport=dt_socket,embedding=1,server=y,suspend=n,address=127.0.0.1:56540
Begin MonoManager ReloadAssembly
Registering precompiled unity dll's ...
Register platform support module: C:/Program Files/Unity/Hub/Editor/2021.2.14f1/Editor/Data/PlaybackEngines/WindowsStandaloneSupport/UnityEditor.WindowsStandalone.Extensions.dll
Registered in 0.008353 seconds.
Native extension for WindowsStandalone target not found
Refreshing native plugins compatible for Editor in 108.34 ms, found 3 plugins.
Preloading 0 native plugins for Editor in 0.00 ms.
Mono: successfully reloaded assembly
- Completed reload, in  0.819 seconds
Domain Reload Profiling:
	ReloadAssembly (820ms)
		BeginReloadAssembly (97ms)
			ExecutionOrderSort (0ms)
			DisableScriptedObjects (0ms)
			BackupInstance (0ms)
			ReleaseScriptingObjects (0ms)
			CreateAndSetChildDomain (1ms)
		EndReloadAssembly (586ms)
			LoadAssemblies (94ms)
			RebuildTransferFunctionScriptingTraits (0ms)
			SetupTypeCache (138ms)
			ReleaseScriptCaches (0ms)
			RebuildScriptCaches (35ms)
			SetupLoadedEditorAssemblies (359ms)
				LogAssemblyErrors (0ms)
				InitializePlatformSupportModulesInManaged (10ms)
				SetLoadedEditorAssemblies (0ms)
				RefreshPlugins (108ms)
				BeforeProcessingInitializeOnLoad (2ms)
				ProcessInitializeOnLoadAttributes (186ms)
				ProcessInitializeOnLoadMethodAttributes (52ms)
				AfterProcessingInitializeOnLoad (0ms)
				EditorAssembliesLoaded (0ms)
			ExecutionOrderSort2 (0ms)
			AwakeInstancesAfterBackupRestoration (0ms)
Platform modules already initialized, skipping
Registering precompiled user dll's ...
Registered in 0.005998 seconds.
Begin MonoManager ReloadAssembly
Symbol file LoadedFromMemory doesn't match image C:\Users\windo\Documents\Unity Projects\Heidi-s-Horror-Hus\Library\PackageCache\com.unity.visualscripting@1.7.6\Editor\VisualScripting.Core\Dependencies\YamlDotNet\Unity.VisualScripting.YamlDotNet.dll
Symbol file LoadedFromMemory doesn't match image C:\Users\windo\Documents\Unity Projects\Heidi-s-Horror-Hus\Library\PackageCache\com.unity.visualscripting@1.7.6\Editor\VisualScripting.Core\Dependencies\DotNetZip\Unity.VisualScripting.IonicZip.dll
Native extension for WindowsStandalone target not found
Refreshing native plugins compatible for Editor in 0.95 ms, found 3 plugins.
Preloading 0 native plugins for Editor in 0.00 ms.
Mono: successfully reloaded assembly
- Completed reload, in  1.243 seconds
Domain Reload Profiling:
	ReloadAssembly (1244ms)
		BeginReloadAssembly (132ms)
			ExecutionOrderSort (0ms)
			DisableScriptedObjects (8ms)
			BackupInstance (0ms)
			ReleaseScriptingObjects (0ms)
			CreateAndSetChildDomain (20ms)
		EndReloadAssembly (960ms)
			LoadAssemblies (94ms)
			RebuildTransferFunctionScriptingTraits (0ms)
			SetupTypeCache (334ms)
			ReleaseScriptCaches (1ms)
			RebuildScriptCaches (53ms)
			SetupLoadedEditorAssemblies (434ms)
				LogAssemblyErrors (0ms)
				InitializePlatformSupportModulesInManaged (9ms)
				SetLoadedEditorAssemblies (1ms)
				RefreshPlugins (1ms)
				BeforeProcessingInitializeOnLoad (96ms)
				ProcessInitializeOnLoadAttributes (290ms)
				ProcessInitializeOnLoadMethodAttributes (27ms)
				AfterProcessingInitializeOnLoad (10ms)
				EditorAssembliesLoaded (0ms)
			ExecutionOrderSort2 (0ms)
			AwakeInstancesAfterBackupRestoration (6ms)
Platform modules already initialized, skipping
========================================================================
Worker process is ready to serve import requests
Launched and connected shader compiler UnityShaderCompiler.exe after 0.08 seconds
Refreshing native plugins compatible for Editor in 1.19 ms, found 3 plugins.
Preloading 0 native plugins for Editor in 0.00 ms.
Unloading 3220 Unused Serialized files (Serialized files now loaded: 0)
Unloading 21 unused Assets / (55.6 KB). Loaded Objects now: 3681.
Memory consumption went from 111.9 MB to 111.8 MB.
Total: 2.832500 ms (FindLiveObjects: 0.307800 ms CreateObjectMapping: 0.238500 ms MarkObjects: 2.222300 ms  DeleteObjects: 0.062700 ms)

AssetImportParameters requested are different than current active one (requested -> active):
  custom:video-decoder-ogg-theora: a1e56fd34408186e4bbccfd4996cb3dc -> 
  custom:container-muxer-webm: aa71ff27fc2769a1b78a27578f13a17b -> 
  custom:container-demuxer-webm: 4f35f7cbe854078d1ac9338744f61a02 -> 
  custom:video-encoder-webm-vp8: eb34c28f22e8b96e1ab97ce403110664 -> 
  custom:audio-encoder-webm-vorbis: bf7c407c2cedff20999df2af8eb42d56 -> 
  custom:framework-win-MediaFoundation: 216162199b28c13a410421893ffa2e32 -> 
  custom:container-demuxer-ogg: 62fdf1f143b41e24485cea50d1cbac27 -> 
  custom:video-decoder-webm-vp8: 9c59270c3fd7afecdb556c50c9e8de78 -> 
  custom:audio-decoder-ogg-vorbis: bf7c407c2cedff20999df2af8eb42d56 -> 
========================================================================
Received Import Request.
  Time since last request: 4251.275040 seconds.
  path: Assets/Scenes/AI-Testmap
  artifactKey: Guid(067d90cb57b26704483aed9914aa368b) Importer(815301076,1909f56bfc062723c751e8b465ee728b)
Start importing Assets/Scenes/AI-Testmap using Guid(067d90cb57b26704483aed9914aa368b) Importer(815301076,1909f56bfc062723c751e8b465ee728b)  -> (artifact id: 'd0b93ae908dfbfdcd57c33c44bc285fc') in 0.009536 seconds 
========================================================================
Received Import Request.
  Time since last request: 0.000028 seconds.
  path: Assets/Scenes/AI-Testmap/NavMesh.asset
  artifactKey: Guid(4dfc929f84b459e45b0e6c3653b2c37d) Importer(815301076,1909f56bfc062723c751e8b465ee728b)
Start importing Assets/Scenes/AI-Testmap/NavMesh.asset using Guid(4dfc929f84b459e45b0e6c3653b2c37d) Importer(815301076,1909f56bfc062723c751e8b465ee728b)  -> (artifact id: '3fc2ddc6ce42c6bffae271a89e2359cb') in 0.049919 seconds 
========================================================================
Received Import Request.
  Time since last request: 0.555417 seconds.
  path: Assets/Scenes/NewBehaviourScript.cs
  artifactKey: Guid(23d91eee69fb69a4884b7d852254791d) Importer(815301076,1909f56bfc062723c751e8b465ee728b)
Start importing Assets/Scenes/NewBehaviourScript.cs using Guid(23d91eee69fb69a4884b7d852254791d) Importer(815301076,1909f56bfc062723c751e8b465ee728b)  -> (artifact id: 'f4771dc3e503d08f8ac1e97ebc50813c') in 0.010824 seconds 
========================================================================
Received Prepare
Registering precompiled user dll's ...
Registered in 0.006971 seconds.
Begin MonoManager ReloadAssembly
Symbol file LoadedFromMemory doesn't match image C:\Users\windo\Documents\Unity Projects\Heidi-s-Horror-Hus\Library\PackageCache\com.unity.visualscripting@1.7.6\Editor\VisualScripting.Core\Dependencies\YamlDotNet\Unity.VisualScripting.YamlDotNet.dll
Symbol file LoadedFromMemory doesn't match image C:\Users\windo\Documents\Unity Projects\Heidi-s-Horror-Hus\Library\PackageCache\com.unity.visualscripting@1.7.6\Editor\VisualScripting.Core\Dependencies\DotNetZip\Unity.VisualScripting.IonicZip.dll
Native extension for WindowsStandalone target not found
Refreshing native plugins compatible for Editor in 0.83 ms, found 3 plugins.
Preloading 0 native plugins for Editor in 0.00 ms.
Mono: successfully reloaded assembly
- Completed reload, in  1.235 seconds
Domain Reload Profiling:
	ReloadAssembly (1236ms)
		BeginReloadAssembly (192ms)
			ExecutionOrderSort (0ms)
			DisableScriptedObjects (9ms)
			BackupInstance (0ms)
			ReleaseScriptingObjects (0ms)
			CreateAndSetChildDomain (47ms)
		EndReloadAssembly (883ms)
			LoadAssemblies (115ms)
			RebuildTransferFunctionScriptingTraits (0ms)
			SetupTypeCache (349ms)
			ReleaseScriptCaches (1ms)
			RebuildScriptCaches (45ms)
			SetupLoadedEditorAssemblies (347ms)
				LogAssemblyErrors (0ms)
				InitializePlatformSupportModulesInManaged (14ms)
				SetLoadedEditorAssemblies (1ms)
				RefreshPlugins (1ms)
				BeforeProcessingInitializeOnLoad (72ms)
				ProcessInitializeOnLoadAttributes (222ms)
				ProcessInitializeOnLoadMethodAttributes (24ms)
				AfterProcessingInitializeOnLoad (13ms)
				EditorAssembliesLoaded (0ms)
			ExecutionOrderSort2 (0ms)
			AwakeInstancesAfterBackupRestoration (7ms)
Platform modules already initialized, skipping
Refreshing native plugins compatible for Editor in 1.72 ms, found 3 plugins.
Preloading 0 native plugins for Editor in 0.00 ms.
Unloading 3212 Unused Serialized files (Serialized files now loaded: 0)
Unloading 15 unused Assets / (24.7 KB). Loaded Objects now: 3682.
Memory consumption went from 111.7 MB to 111.6 MB.
Total: 4.741100 ms (FindLiveObjects: 0.304700 ms CreateObjectMapping: 0.322100 ms MarkObjects: 4.085600 ms  DeleteObjects: 0.027700 ms)

AssetImportParameters requested are different than current active one (requested -> active):
  custom:video-decoder-ogg-theora: a1e56fd34408186e4bbccfd4996cb3dc -> 
  custom:container-muxer-webm: aa71ff27fc2769a1b78a27578f13a17b -> 
  custom:container-demuxer-webm: 4f35f7cbe854078d1ac9338744f61a02 -> 
  custom:video-encoder-webm-vp8: eb34c28f22e8b96e1ab97ce403110664 -> 
  custom:audio-encoder-webm-vorbis: bf7c407c2cedff20999df2af8eb42d56 -> 
  custom:framework-win-MediaFoundation: 216162199b28c13a410421893ffa2e32 -> 
  custom:container-demuxer-ogg: 62fdf1f143b41e24485cea50d1cbac27 -> 
  custom:video-decoder-webm-vp8: 9c59270c3fd7afecdb556c50c9e8de78 -> 
  custom:audio-decoder-ogg-vorbis: bf7c407c2cedff20999df2af8eb42d56 -> 
========================================================================
Received Import Request.
  Time since last request: 12.393453 seconds.
  path: Assets/Controllers/AIController.cs
  artifactKey: Guid(6023d4a067832594faf9618eac57ed7e) Importer(815301076,1909f56bfc062723c751e8b465ee728b)
Start importing Assets/Controllers/AIController.cs using Guid(6023d4a067832594faf9618eac57ed7e) Importer(815301076,1909f56bfc062723c751e8b465ee728b)  -> (artifact id: 'e3234bd39ed096ca1dae02944b0d0cf8') in 0.011434 seconds 
========================================================================
Received Prepare
Registering precompiled user dll's ...
Registered in 0.005085 seconds.
Begin MonoManager ReloadAssembly
Symbol file LoadedFromMemory doesn't match image C:\Users\windo\Documents\Unity Projects\Heidi-s-Horror-Hus\Library\PackageCache\com.unity.visualscripting@1.7.6\Editor\VisualScripting.Core\Dependencies\YamlDotNet\Unity.VisualScripting.YamlDotNet.dll
Symbol file LoadedFromMemory doesn't match image C:\Users\windo\Documents\Unity Projects\Heidi-s-Horror-Hus\Library\PackageCache\com.unity.visualscripting@1.7.6\Editor\VisualScripting.Core\Dependencies\DotNetZip\Unity.VisualScripting.IonicZip.dll
Native extension for WindowsStandalone target not found
Refreshing native plugins compatible for Editor in 0.72 ms, found 3 plugins.
Preloading 0 native plugins for Editor in 0.00 ms.
Mono: successfully reloaded assembly
- Completed reload, in  1.541 seconds
Domain Reload Profiling:
	ReloadAssembly (1543ms)
		BeginReloadAssembly (231ms)
			ExecutionOrderSort (0ms)
			DisableScriptedObjects (9ms)
			BackupInstance (0ms)
			ReleaseScriptingObjects (0ms)
			CreateAndSetChildDomain (87ms)
		EndReloadAssembly (1157ms)
			LoadAssemblies (110ms)
			RebuildTransferFunctionScriptingTraits (0ms)
			SetupTypeCache (415ms)
			ReleaseScriptCaches (1ms)
			RebuildScriptCaches (67ms)
			SetupLoadedEditorAssemblies (488ms)
				LogAssemblyErrors (0ms)
				InitializePlatformSupportModulesInManaged (18ms)
				SetLoadedEditorAssemblies (1ms)
				RefreshPlugins (1ms)
				BeforeProcessingInitializeOnLoad (93ms)
				ProcessInitializeOnLoadAttributes (326ms)
				ProcessInitializeOnLoadMethodAttributes (35ms)
				AfterProcessingInitializeOnLoad (14ms)
				EditorAssembliesLoaded (0ms)
			ExecutionOrderSort2 (0ms)
			AwakeInstancesAfterBackupRestoration (12ms)
Platform modules already initialized, skipping
Refreshing native plugins compatible for Editor in 4.02 ms, found 3 plugins.
Preloading 0 native plugins for Editor in 0.00 ms.
Unloading 3212 Unused Serialized files (Serialized files now loaded: 0)
Unloading 14 unused Assets / (24.8 KB). Loaded Objects now: 3684.
Memory consumption went from 111.7 MB to 111.6 MB.
Total: 3.697600 ms (FindLiveObjects: 0.356600 ms CreateObjectMapping: 0.217800 ms MarkObjects: 3.067500 ms  DeleteObjects: 0.054500 ms)

AssetImportParameters requested are different than current active one (requested -> active):
  custom:video-decoder-ogg-theora: a1e56fd34408186e4bbccfd4996cb3dc -> 
  custom:container-muxer-webm: aa71ff27fc2769a1b78a27578f13a17b -> 
  custom:container-demuxer-webm: 4f35f7cbe854078d1ac9338744f61a02 -> 
  custom:video-encoder-webm-vp8: eb34c28f22e8b96e1ab97ce403110664 -> 
  custom:audio-encoder-webm-vorbis: bf7c407c2cedff20999df2af8eb42d56 -> 
  custom:framework-win-MediaFoundation: 216162199b28c13a410421893ffa2e32 -> 
  custom:container-demuxer-ogg: 62fdf1f143b41e24485cea50d1cbac27 -> 
  custom:video-decoder-webm-vp8: 9c59270c3fd7afecdb556c50c9e8de78 -> 
  custom:audio-decoder-ogg-vorbis: bf7c407c2cedff20999df2af8eb42d56 -> 
========================================================================
Received Import Request.
  Time since last request: 5827.867020 seconds.
  path: Assets/TerrainData_41f7cda7-84f0-4291-8e70-8182a8883c3d.asset
  artifactKey: Guid(24ecec1c8ea11cf40848d18abb60af0d) Importer(815301076,1909f56bfc062723c751e8b465ee728b)
Start importing Assets/TerrainData_41f7cda7-84f0-4291-8e70-8182a8883c3d.asset using Guid(24ecec1c8ea11cf40848d18abb60af0d) Importer(815301076,1909f56bfc062723c751e8b465ee728b)  -> (artifact id: '567d94c8c2bc3ad0d12ad3c3ccfd3fad') in 0.041097 seconds 
========================================================================
Received Import Request.
  Time since last request: 0.899014 seconds.
  path: Assets/New Terrain.asset
  artifactKey: Guid(9b728a0c7fdd13448870cf8e17a1d1e9) Importer(815301076,1909f56bfc062723c751e8b465ee728b)
Start importing Assets/New Terrain.asset using Guid(9b728a0c7fdd13448870cf8e17a1d1e9) Importer(815301076,1909f56bfc062723c751e8b465ee728b)  -> (artifact id: '33bb71990302860a4c665eb740472ac2') in 0.012325 seconds 
========================================================================
Received Import Request.
  Time since last request: 0.838913 seconds.
  path: Assets/Ground.physicMaterial
  artifactKey: Guid(498c26eece6a21444b8c5a223d799b1e) Importer(815301076,1909f56bfc062723c751e8b465ee728b)
Start importing Assets/Ground.physicMaterial using Guid(498c26eece6a21444b8c5a223d799b1e) Importer(815301076,1909f56bfc062723c751e8b465ee728b)  -> (artifact id: '1d89037426f161ff52e14d2940ec73f8') in 0.008958 seconds 
========================================================================
Received Import Request.
  Time since last request: 5.618002 seconds.
  path: Assets/TerrainData_8161eb63-02c1-47ab-a787-cd1e1195968c.asset
  artifactKey: Guid(fc471281b323c6c49ac9f74082f535c7) Importer(815301076,1909f56bfc062723c751e8b465ee728b)
Start importing Assets/TerrainData_8161eb63-02c1-47ab-a787-cd1e1195968c.asset using Guid(fc471281b323c6c49ac9f74082f535c7) Importer(815301076,1909f56bfc062723c751e8b465ee728b)  -> (artifact id: '21a0e3917587fe8ecfcd5abfca55d1d3') in 0.014639 seconds 
========================================================================
Received Import Request.
  Time since last request: 11.302054 seconds.
  path: Assets
  artifactKey: Guid(00000000000000001000000000000000) Importer(815301076,1909f56bfc062723c751e8b465ee728b)
Start importing Assets using Guid(00000000000000001000000000000000) Importer(815301076,1909f56bfc062723c751e8b465ee728b)  -> (artifact id: '79842766b460edbeab6a34051e857a80') in 0.005717 seconds 
========================================================================
Received Import Request.
  Time since last request: 7.574071 seconds.
  path: Assets/Material
  artifactKey: Guid(419cc8ab5d6d52f45bc1822d6b07597d) Importer(815301076,1909f56bfc062723c751e8b465ee728b)
Start importing Assets/Material using Guid(419cc8ab5d6d52f45bc1822d6b07597d) Importer(815301076,1909f56bfc062723c751e8b465ee728b)  -> (artifact id: '1bad6a4d826ec019a26488ad5e765bb4') in 0.006231 seconds 
========================================================================
Received Import Request.
  Time since last request: 3.177756 seconds.
  path: Assets/GameFile.unity
  artifactKey: Guid(c65aceb0aec5bb040ae4fc73b6f08a39) Importer(815301076,1909f56bfc062723c751e8b465ee728b)
Start importing Assets/GameFile.unity using Guid(c65aceb0aec5bb040ae4fc73b6f08a39) Importer(815301076,1909f56bfc062723c751e8b465ee728b)  -> (artifact id: '3f090ac5523dd5d00256757090d97afe') in 0.007907 seconds 
========================================================================
Received Import Request.
  Time since last request: 6.782311 seconds.
  path: Assets/Scenes
  artifactKey: Guid(6ea315d0fd7389c41b19996891e99ae3) Importer(815301076,1909f56bfc062723c751e8b465ee728b)
Start importing Assets/Scenes using Guid(6ea315d0fd7389c41b19996891e99ae3) Importer(815301076,1909f56bfc062723c751e8b465ee728b)  -> (artifact id: 'bc172811d573b296104adb4d2728db37') in 0.007582 seconds 
========================================================================
Received Import Request.
  Time since last request: 2.289082 seconds.
  path: Assets/Scenes/AI-Testmap.unity
  artifactKey: Guid(c22f1ef4f02ed104f9881a0e94f18819) Importer(815301076,1909f56bfc062723c751e8b465ee728b)
Start importing Assets/Scenes/AI-Testmap.unity using Guid(c22f1ef4f02ed104f9881a0e94f18819) Importer(815301076,1909f56bfc062723c751e8b465ee728b)  -> (artifact id: '2793b4aaa674be8d1b3c949a87afa0c4') in 0.002534 seconds 
========================================================================
Received Import Request.
  Time since last request: 209.143168 seconds.
  path: Assets/Scenes/Player movement.unity
  artifactKey: Guid(96b623714a6536d41a18a83c062eef33) Importer(815301076,1909f56bfc062723c751e8b465ee728b)
Start importing Assets/Scenes/Player movement.unity using Guid(96b623714a6536d41a18a83c062eef33) Importer(815301076,1909f56bfc062723c751e8b465ee728b)  -> (artifact id: 'f485d087e498ce8c823d3a97f62e5ab0') in 0.007063 seconds 
========================================================================
Received Import Request.
  Time since last request: 13.965641 seconds.
  path: Assets/Capsule.prefab
  artifactKey: Guid(8465986552fae5841bb871c7f358d5d1) Importer(815301076,1909f56bfc062723c751e8b465ee728b)
Start importing Assets/Capsule.prefab using Guid(8465986552fae5841bb871c7f358d5d1) Importer(815301076,1909f56bfc062723c751e8b465ee728b)  -> (artifact id: '0813a85855bcec8f3743ca4fd997f4e9') in 0.289196 seconds 
========================================================================
Received Import Request.
  Time since last request: 7.064364 seconds.
  path: Assets/AI-Monster.prefab
  artifactKey: Guid(8465986552fae5841bb871c7f358d5d1) Importer(815301076,1909f56bfc062723c751e8b465ee728b)
Start importing Assets/AI-Monster.prefab using Guid(8465986552fae5841bb871c7f358d5d1) Importer(815301076,1909f56bfc062723c751e8b465ee728b)  -> (artifact id: '393a82b970f9e273357505afd1ded0d3') in 0.014457 seconds 
========================================================================
Received Import Request.
  Time since last request: 6.941642 seconds.
  path: Assets/AI_Monsta.prefab
  artifactKey: Guid(8465986552fae5841bb871c7f358d5d1) Importer(815301076,1909f56bfc062723c751e8b465ee728b)
Start importing Assets/AI_Monsta.prefab using Guid(8465986552fae5841bb871c7f358d5d1) Importer(815301076,1909f56bfc062723c751e8b465ee728b)  -> (artifact id: 'a6a82818e5bc253e654ab50f8f3a9cac') in 0.013323 seconds 
========================================================================
Received Import Request.
  Time since last request: 7.056837 seconds.
  path: Assets/Characters
  artifactKey: Guid(a3a531e830b734d498d2673cf8055c7e) Importer(815301076,1909f56bfc062723c751e8b465ee728b)
Start importing Assets/Characters using Guid(a3a531e830b734d498d2673cf8055c7e) Importer(815301076,1909f56bfc062723c751e8b465ee728b)  -> (artifact id: 'c98667d5160551865e2da7bbee087a8d') in 0.006174 seconds 
========================================================================
Received Import Request.
  Time since last request: 5.890748 seconds.
  path: Assets/Characters/AI_Monster.prefab
  artifactKey: Guid(8465986552fae5841bb871c7f358d5d1) Importer(815301076,1909f56bfc062723c751e8b465ee728b)
Start importing Assets/Characters/AI_Monster.prefab using Guid(8465986552fae5841bb871c7f358d5d1) Importer(815301076,1909f56bfc062723c751e8b465ee728b)  -> (artifact id: '51877961c967a4a85fb96b29d19a95e8') in 0.015518 seconds 
